Build started 23/08/2017 07:59:05.
     1>Project "C:\Users\Oscar\OneDrive\Documentos\GitHub\tpTempoReal\Trabalho Prático\Template\Template\EvalBoards\Microsoft\Windows\Visual Studio 2010\Win32GUIApp\GuiApp\GuiApp.vcxproj" on node 2 (Build target(s)).
     1>ClCompile:
         C:\Program Files (x86)\Microsoft Visual Studio 11.0\VC\bin\CL.exe /c /I"C:\Users\Oscar\OneDrive\Documentos\GitHub\tpTempoReal\Trabalho Prático\Template\Template\EvalBoards\Microsoft\Windows\Visual Studio 2010\Win32GUIApp\GuiApp\..\..\..\..\..\..\uCOS-III\Ports\Win32\Visual Studio" /I"C:\Users\Oscar\OneDrive\Documentos\GitHub\tpTempoReal\Trabalho Prático\Template\Template\EvalBoards\Microsoft\Windows\Visual Studio 2010\Win32GUIApp\GuiApp\..\..\..\..\..\..\uCOS-III\Source" /I"C:\Users\Oscar\OneDrive\Documentos\GitHub\tpTempoReal\Trabalho Prático\Template\Template\EvalBoards\Microsoft\Windows\Visual Studio 2010\Win32GUIApp\GuiApp\..\..\..\..\..\..\uC-Clk\OS\uCOS-III" /I"C:\Users\Oscar\OneDrive\Documentos\GitHub\tpTempoReal\Trabalho Prático\Template\Template\EvalBoards\Microsoft\Windows\Visual Studio 2010\Win32GUIApp\GuiApp\..\..\..\..\..\..\uC-Clk\Source" /I"C:\Users\Oscar\OneDrive\Documentos\GitHub\tpTempoReal\Trabalho Prático\Template\Template\EvalBoards\Microsoft\Windows\Visual Studio 2010\Win32GUIApp\GuiApp\..\..\..\..\..\..\uC-LIB" /I"C:\Users\Oscar\OneDrive\Documentos\GitHub\tpTempoReal\Trabalho Prático\Template\Template\EvalBoards\Microsoft\Windows\Visual Studio 2010\Win32GUIApp\GuiApp\..\..\..\..\..\..\uC-CPU\Win32\Visual Studio" /I"C:\Users\Oscar\OneDrive\Documentos\GitHub\tpTempoReal\Trabalho Prático\Template\Template\EvalBoards\Microsoft\Windows\Visual Studio 2010\Win32GUIApp\GuiApp\..\..\..\..\..\..\uC-CPU" /I"C:\Users\Oscar\OneDrive\Documentos\GitHub\tpTempoReal\Trabalho Prático\Template\Template\EvalBoards\Microsoft\Windows\Visual Studio 2010\Win32GUIApp\GuiApp\..\..\..\..\..\..\uC-FS\Dev\RAMDisk" /I"C:\Users\Oscar\OneDrive\Documentos\GitHub\tpTempoReal\Trabalho Prático\Template\Template\EvalBoards\Microsoft\Windows\Visual Studio 2010\Win32GUIApp\GuiApp\..\..\..\..\..\..\uC-FS\OS\uCOS-III" /I"C:\Users\Oscar\OneDrive\Documentos\GitHub\tpTempoReal\Trabalho Prático\Template\Template\EvalBoards\Microsoft\Windows\Visual Studio 2010\Win32GUIApp\GuiApp\..\..\..\..\..\..\uC-FS\FAT" /I"C:\Users\Oscar\OneDrive\Documentos\GitHub\tpTempoReal\Trabalho Prático\Template\Template\EvalBoards\Microsoft\Windows\Visual Studio 2010\Win32GUIApp\GuiApp\..\..\..\..\..\..\uC-FS\Source" /I"C:\Users\Oscar\OneDrive\Documentos\GitHub\tpTempoReal\Trabalho Prático\Template\Template\EvalBoards\Microsoft\Windows\Visual Studio 2010\Win32GUIApp\GuiApp\..\Application" /I"C:\Users\Oscar\OneDrive\Documentos\GitHub\tpTempoReal\Trabalho Prático\Template\Template\EvalBoards\Microsoft\Windows\Visual Studio 2010\Win32GUIApp\GuiApp\..\\" /ZI /nologo /W3 /WX- /Od /Oy- /D WIN32 /D _DEBUG /D _CONSOLE /Gm /EHsc /RTC1 /MDd /GS /fp:precise /Zc:wchar_t /Zc:forScope /Fo"Debug\\" /Fd"Debug\vc110.pdb" /Gd /TC /analyze- /errorReport:prompt ..\Application\app.c
         app.c
     1>c:\users\oscar\onedrive\documentos\github\tptemporeal\trabalho prático\template\template\evalboards\microsoft\windows\visual studio 2010\win32guiapp\application\app.c(302): warning C4047: 'function' : 'OS_TICK' differs in levels of indirection from 'OS_TICK *'
     1>c:\users\oscar\onedrive\documentos\github\tptemporeal\trabalho prático\template\template\evalboards\microsoft\windows\visual studio 2010\win32guiapp\application\app.c(302): warning C4024: 'OSSemPend' : different types for formal and actual parameter 2
     1>c:\users\oscar\onedrive\documentos\github\tptemporeal\trabalho prático\template\template\evalboards\microsoft\windows\visual studio 2010\win32guiapp\application\app.c(314): warning C4996: 'itoa': The POSIX name for this item is deprecated. Instead, use the ISO C++ conformant name: _itoa. See online help for details.
                 c:\program files (x86)\microsoft visual studio 11.0\vc\include\stdlib.h(909) : see declaration of 'itoa'
     1>c:\users\oscar\onedrive\documentos\github\tptemporeal\trabalho prático\template\template\evalboards\microsoft\windows\visual studio 2010\win32guiapp\application\app.c(316): warning C4996: 'itoa': The POSIX name for this item is deprecated. Instead, use the ISO C++ conformant name: _itoa. See online help for details.
                 c:\program files (x86)\microsoft visual studio 11.0\vc\include\stdlib.h(909) : see declaration of 'itoa'
     1>c:\users\oscar\onedrive\documentos\github\tptemporeal\trabalho prático\template\template\evalboards\microsoft\windows\visual studio 2010\win32guiapp\application\app.c(334): warning C4047: 'function' : 'OS_TICK' differs in levels of indirection from 'OS_TICK *'
     1>c:\users\oscar\onedrive\documentos\github\tptemporeal\trabalho prático\template\template\evalboards\microsoft\windows\visual studio 2010\win32guiapp\application\app.c(334): warning C4024: 'OSSemPend' : different types for formal and actual parameter 2
     1>c:\users\oscar\onedrive\documentos\github\tptemporeal\trabalho prático\template\template\evalboards\microsoft\windows\visual studio 2010\win32guiapp\application\app.c(338): warning C4996: 'itoa': The POSIX name for this item is deprecated. Instead, use the ISO C++ conformant name: _itoa. See online help for details.
                 c:\program files (x86)\microsoft visual studio 11.0\vc\include\stdlib.h(909) : see declaration of 'itoa'
     1>c:\users\oscar\onedrive\documentos\github\tptemporeal\trabalho prático\template\template\evalboards\microsoft\windows\visual studio 2010\win32guiapp\application\app.c(340): warning C4996: 'itoa': The POSIX name for this item is deprecated. Instead, use the ISO C++ conformant name: _itoa. See online help for details.
                 c:\program files (x86)\microsoft visual studio 11.0\vc\include\stdlib.h(909) : see declaration of 'itoa'
     1>c:\users\oscar\onedrive\documentos\github\tptemporeal\trabalho prático\template\template\evalboards\microsoft\windows\visual studio 2010\win32guiapp\application\app.c(346): warning C4047: 'function' : 'OS_TICK' differs in levels of indirection from 'OS_TICK *'
     1>c:\users\oscar\onedrive\documentos\github\tptemporeal\trabalho prático\template\template\evalboards\microsoft\windows\visual studio 2010\win32guiapp\application\app.c(346): warning C4024: 'OSSemPend' : different types for formal and actual parameter 2
     1>c:\users\oscar\onedrive\documentos\github\tptemporeal\trabalho prático\template\template\evalboards\microsoft\windows\visual studio 2010\win32guiapp\application\app.c(395): warning C4047: 'function' : 'OS_TICK' differs in levels of indirection from 'OS_TICK *'
     1>c:\users\oscar\onedrive\documentos\github\tptemporeal\trabalho prático\template\template\evalboards\microsoft\windows\visual studio 2010\win32guiapp\application\app.c(395): warning C4024: 'OSSemPend' : different types for formal and actual parameter 2
     1>c:\users\oscar\onedrive\documentos\github\tptemporeal\trabalho prático\template\template\evalboards\microsoft\windows\visual studio 2010\win32guiapp\application\app.c(400): warning C4047: 'function' : 'OS_TICK' differs in levels of indirection from 'OS_TICK *'
     1>c:\users\oscar\onedrive\documentos\github\tptemporeal\trabalho prático\template\template\evalboards\microsoft\windows\visual studio 2010\win32guiapp\application\app.c(400): warning C4024: 'OSSemPend' : different types for formal and actual parameter 2
     1>c:\users\oscar\onedrive\documentos\github\tptemporeal\trabalho prático\template\template\evalboards\microsoft\windows\visual studio 2010\win32guiapp\application\app.c(436): warning C4047: 'function' : 'OS_TICK' differs in levels of indirection from 'OS_TICK *'
     1>c:\users\oscar\onedrive\documentos\github\tptemporeal\trabalho prático\template\template\evalboards\microsoft\windows\visual studio 2010\win32guiapp\application\app.c(436): warning C4024: 'OSSemPend' : different types for formal and actual parameter 2
     1>c:\users\oscar\onedrive\documentos\github\tptemporeal\trabalho prático\template\template\evalboards\microsoft\windows\visual studio 2010\win32guiapp\application\app.c(450): warning C4047: 'function' : 'OS_TICK' differs in levels of indirection from 'OS_TICK *'
     1>c:\users\oscar\onedrive\documentos\github\tptemporeal\trabalho prático\template\template\evalboards\microsoft\windows\visual studio 2010\win32guiapp\application\app.c(450): warning C4024: 'OSSemPend' : different types for formal and actual parameter 2
     1>c:\users\oscar\onedrive\documentos\github\tptemporeal\trabalho prático\template\template\evalboards\microsoft\windows\visual studio 2010\win32guiapp\application\app.c(463): warning C4047: 'function' : 'OS_TICK' differs in levels of indirection from 'OS_TICK *'
     1>c:\users\oscar\onedrive\documentos\github\tptemporeal\trabalho prático\template\template\evalboards\microsoft\windows\visual studio 2010\win32guiapp\application\app.c(463): warning C4024: 'OSSemPend' : different types for formal and actual parameter 2
     1>c:\users\oscar\onedrive\documentos\github\tptemporeal\trabalho prático\template\template\evalboards\microsoft\windows\visual studio 2010\win32guiapp\application\app.c(469): warning C4047: 'function' : 'OS_TICK' differs in levels of indirection from 'OS_TICK *'
     1>c:\users\oscar\onedrive\documentos\github\tptemporeal\trabalho prático\template\template\evalboards\microsoft\windows\visual studio 2010\win32guiapp\application\app.c(469): warning C4024: 'OSSemPend' : different types for formal and actual parameter 2
     1>c:\users\oscar\onedrive\documentos\github\tptemporeal\trabalho prático\template\template\evalboards\microsoft\windows\visual studio 2010\win32guiapp\application\app.c(516): warning C4047: 'function' : 'OS_TICK' differs in levels of indirection from 'OS_TICK *'
     1>c:\users\oscar\onedrive\documentos\github\tptemporeal\trabalho prático\template\template\evalboards\microsoft\windows\visual studio 2010\win32guiapp\application\app.c(516): warning C4024: 'OSSemPend' : different types for formal and actual parameter 2
     1>c:\users\oscar\onedrive\documentos\github\tptemporeal\trabalho prático\template\template\evalboards\microsoft\windows\visual studio 2010\win32guiapp\application\app.c(526): warning C4047: 'function' : 'OS_TICK' differs in levels of indirection from 'OS_TICK *'
     1>c:\users\oscar\onedrive\documentos\github\tptemporeal\trabalho prático\template\template\evalboards\microsoft\windows\visual studio 2010\win32guiapp\application\app.c(526): warning C4024: 'OSSemPend' : different types for formal and actual parameter 2
     1>c:\users\oscar\onedrive\documentos\github\tptemporeal\trabalho prático\template\template\evalboards\microsoft\windows\visual studio 2010\win32guiapp\application\app.c(539): warning C4047: 'function' : 'OS_TICK' differs in levels of indirection from 'OS_TICK *'
     1>c:\users\oscar\onedrive\documentos\github\tptemporeal\trabalho prático\template\template\evalboards\microsoft\windows\visual studio 2010\win32guiapp\application\app.c(539): warning C4024: 'OSSemPend' : different types for formal and actual parameter 2
     1>c:\users\oscar\onedrive\documentos\github\tptemporeal\trabalho prático\template\template\evalboards\microsoft\windows\visual studio 2010\win32guiapp\application\app.c(552): warning C4047: 'function' : 'OS_TICK' differs in levels of indirection from 'OS_TICK *'
     1>c:\users\oscar\onedrive\documentos\github\tptemporeal\trabalho prático\template\template\evalboards\microsoft\windows\visual studio 2010\win32guiapp\application\app.c(552): warning C4024: 'OSSemPend' : different types for formal and actual parameter 2
     1>c:\users\oscar\onedrive\documentos\github\tptemporeal\trabalho prático\template\template\evalboards\microsoft\windows\visual studio 2010\win32guiapp\application\app.c(568): warning C4047: 'function' : 'OS_TICK' differs in levels of indirection from 'OS_TICK *'
     1>c:\users\oscar\onedrive\documentos\github\tptemporeal\trabalho prático\template\template\evalboards\microsoft\windows\visual studio 2010\win32guiapp\application\app.c(568): warning C4024: 'OSSemPend' : different types for formal and actual parameter 2
     1>c:\users\oscar\onedrive\documentos\github\tptemporeal\trabalho prático\template\template\evalboards\microsoft\windows\visual studio 2010\win32guiapp\application\app.c(612): warning C4047: 'function' : 'OS_TICK' differs in levels of indirection from 'OS_TICK *'
     1>c:\users\oscar\onedrive\documentos\github\tptemporeal\trabalho prático\template\template\evalboards\microsoft\windows\visual studio 2010\win32guiapp\application\app.c(612): warning C4024: 'OSSemPend' : different types for formal and actual parameter 2
     1>c:\users\oscar\onedrive\documentos\github\tptemporeal\trabalho prático\template\template\evalboards\microsoft\windows\visual studio 2010\win32guiapp\application\app.c(617): warning C4047: 'function' : 'OS_TICK' differs in levels of indirection from 'OS_TICK *'
     1>c:\users\oscar\onedrive\documentos\github\tptemporeal\trabalho prático\template\template\evalboards\microsoft\windows\visual studio 2010\win32guiapp\application\app.c(617): warning C4024: 'OSSemPend' : different types for formal and actual parameter 2
     1>c:\users\oscar\onedrive\documentos\github\tptemporeal\trabalho prático\template\template\evalboards\microsoft\windows\visual studio 2010\win32guiapp\application\app.c(624): warning C4047: 'function' : 'OS_TICK' differs in levels of indirection from 'OS_TICK *'
     1>c:\users\oscar\onedrive\documentos\github\tptemporeal\trabalho prático\template\template\evalboards\microsoft\windows\visual studio 2010\win32guiapp\application\app.c(624): warning C4024: 'OSSemPend' : different types for formal and actual parameter 2
     1>c:\users\oscar\onedrive\documentos\github\tptemporeal\trabalho prático\template\template\evalboards\microsoft\windows\visual studio 2010\win32guiapp\application\app.c(682): warning C4047: 'function' : 'OS_TICK' differs in levels of indirection from 'OS_TICK *'
     1>c:\users\oscar\onedrive\documentos\github\tptemporeal\trabalho prático\template\template\evalboards\microsoft\windows\visual studio 2010\win32guiapp\application\app.c(682): warning C4024: 'OSSemPend' : different types for formal and actual parameter 2
     1>c:\users\oscar\onedrive\documentos\github\tptemporeal\trabalho prático\template\template\evalboards\microsoft\windows\visual studio 2010\win32guiapp\application\app.c(696): warning C4047: 'function' : 'OS_TICK' differs in levels of indirection from 'OS_TICK *'
     1>c:\users\oscar\onedrive\documentos\github\tptemporeal\trabalho prático\template\template\evalboards\microsoft\windows\visual studio 2010\win32guiapp\application\app.c(696): warning C4024: 'OSSemPend' : different types for formal and actual parameter 2
     1>c:\users\oscar\onedrive\documentos\github\tptemporeal\trabalho prático\template\template\evalboards\microsoft\windows\visual studio 2010\win32guiapp\application\app.c(702): warning C4047: 'function' : 'OS_TICK' differs in levels of indirection from 'OS_TICK *'
     1>c:\users\oscar\onedrive\documentos\github\tptemporeal\trabalho prático\template\template\evalboards\microsoft\windows\visual studio 2010\win32guiapp\application\app.c(702): warning C4024: 'OSSemPend' : different types for formal and actual parameter 2
     1>c:\users\oscar\onedrive\documentos\github\tptemporeal\trabalho prático\template\template\evalboards\microsoft\windows\visual studio 2010\win32guiapp\application\app.c(677): warning C4101: 'k' : unreferenced local variable
     1>c:\users\oscar\onedrive\documentos\github\tptemporeal\trabalho prático\template\template\evalboards\microsoft\windows\visual studio 2010\win32guiapp\application\app.c(676): warning C4101: 'j' : unreferenced local variable
     1>c:\users\oscar\onedrive\documentos\github\tptemporeal\trabalho prático\template\template\evalboards\microsoft\windows\visual studio 2010\win32guiapp\application\app.c(759): warning C4047: 'function' : 'OS_TICK' differs in levels of indirection from 'OS_TICK *'
     1>c:\users\oscar\onedrive\documentos\github\tptemporeal\trabalho prático\template\template\evalboards\microsoft\windows\visual studio 2010\win32guiapp\application\app.c(759): warning C4024: 'OSSemPend' : different types for formal and actual parameter 2
     1>c:\users\oscar\onedrive\documentos\github\tptemporeal\trabalho prático\template\template\evalboards\microsoft\windows\visual studio 2010\win32guiapp\application\app.c(767): warning C4047: 'function' : 'OS_TICK' differs in levels of indirection from 'OS_TICK *'
     1>c:\users\oscar\onedrive\documentos\github\tptemporeal\trabalho prático\template\template\evalboards\microsoft\windows\visual studio 2010\win32guiapp\application\app.c(767): warning C4024: 'OSSemPend' : different types for formal and actual parameter 2
     1>c:\users\oscar\onedrive\documentos\github\tptemporeal\trabalho prático\template\template\evalboards\microsoft\windows\visual studio 2010\win32guiapp\application\app.c(863): warning C4047: 'function' : 'OS_TICK' differs in levels of indirection from 'OS_TICK *'
     1>c:\users\oscar\onedrive\documentos\github\tptemporeal\trabalho prático\template\template\evalboards\microsoft\windows\visual studio 2010\win32guiapp\application\app.c(863): warning C4024: 'OSSemPend' : different types for formal and actual parameter 2
     1>c:\users\oscar\onedrive\documentos\github\tptemporeal\trabalho prático\template\template\evalboards\microsoft\windows\visual studio 2010\win32guiapp\application\app.c(879): warning C4047: 'function' : 'OS_TICK' differs in levels of indirection from 'OS_TICK *'
     1>c:\users\oscar\onedrive\documentos\github\tptemporeal\trabalho prático\template\template\evalboards\microsoft\windows\visual studio 2010\win32guiapp\application\app.c(879): warning C4024: 'OSSemPend' : different types for formal and actual parameter 2
     1>c:\users\oscar\onedrive\documentos\github\tptemporeal\trabalho prático\template\template\evalboards\microsoft\windows\visual studio 2010\win32guiapp\application\app.c(928): warning C4047: 'function' : 'OS_TICK' differs in levels of indirection from 'OS_TICK *'
     1>c:\users\oscar\onedrive\documentos\github\tptemporeal\trabalho prático\template\template\evalboards\microsoft\windows\visual studio 2010\win32guiapp\application\app.c(928): warning C4024: 'OSSemPend' : different types for formal and actual parameter 2
     1>c:\users\oscar\onedrive\documentos\github\tptemporeal\trabalho prático\template\template\evalboards\microsoft\windows\visual studio 2010\win32guiapp\application\app.c(944): warning C4047: 'function' : 'OS_TICK' differs in levels of indirection from 'OS_TICK *'
     1>c:\users\oscar\onedrive\documentos\github\tptemporeal\trabalho prático\template\template\evalboards\microsoft\windows\visual studio 2010\win32guiapp\application\app.c(944): warning C4024: 'OSSemPend' : different types for formal and actual parameter 2
     1>c:\users\oscar\onedrive\documentos\github\tptemporeal\trabalho prático\template\template\evalboards\microsoft\windows\visual studio 2010\win32guiapp\application\app.c(950): warning C4996: 'itoa': The POSIX name for this item is deprecated. Instead, use the ISO C++ conformant name: _itoa. See online help for details.
                 c:\program files (x86)\microsoft visual studio 11.0\vc\include\stdlib.h(909) : see declaration of 'itoa'
     1>c:\users\oscar\onedrive\documentos\github\tptemporeal\trabalho prático\template\template\evalboards\microsoft\windows\visual studio 2010\win32guiapp\application\app.c(952): warning C4996: 'itoa': The POSIX name for this item is deprecated. Instead, use the ISO C++ conformant name: _itoa. See online help for details.
                 c:\program files (x86)\microsoft visual studio 11.0\vc\include\stdlib.h(909) : see declaration of 'itoa'
     1>c:\users\oscar\onedrive\documentos\github\tptemporeal\trabalho prático\template\template\evalboards\microsoft\windows\visual studio 2010\win32guiapp\application\app.c(1029): warning C4047: 'function' : 'OS_TICK' differs in levels of indirection from 'OS_TICK *'
     1>c:\users\oscar\onedrive\documentos\github\tptemporeal\trabalho prático\template\template\evalboards\microsoft\windows\visual studio 2010\win32guiapp\application\app.c(1029): warning C4024: 'OSSemPend' : different types for formal and actual parameter 2
     1>c:\users\oscar\onedrive\documentos\github\tptemporeal\trabalho prático\template\template\evalboards\microsoft\windows\visual studio 2010\win32guiapp\application\app.c(979): warning C4101: 'i' : unreferenced local variable
       Link:
         C:\Program Files (x86)\Microsoft Visual Studio 11.0\VC\bin\link.exe /ERRORREPORT:PROMPT /OUT:"C:\Users\Oscar\OneDrive\Documentos\GitHub\tpTempoReal\Trabalho Prático\Template\Template\EvalBoards\Microsoft\Windows\Visual Studio 2010\Win32GUIApp\GuiApp\Debug\GuiApp.exe" /INCREMENTAL /NOLOGO kernel32.lib user32.lib gdi32.lib winspool.lib comdlg32.lib advapi32.lib shell32.lib ole32.lib oleaut32.lib uuid.lib odbc32.lib odbccp32.lib /MANIFEST /MANIFESTUAC:"level='asInvoker' uiAccess='false'" /manifest:embed /DEBUG /PDB:"C:\Users\Oscar\OneDrive\Documentos\GitHub\tpTempoReal\Trabalho Prático\Template\Template\EvalBoards\Microsoft\Windows\Visual Studio 2010\Win32GUIApp\GuiApp\Debug\GuiApp.pdb" /SUBSYSTEM:CONSOLE /TLBID:1 /DYNAMICBASE /NXCOMPAT /IMPLIB:"C:\Users\Oscar\OneDrive\Documentos\GitHub\tpTempoReal\Trabalho Prático\Template\Template\EvalBoards\Microsoft\Windows\Visual Studio 2010\Win32GUIApp\GuiApp\Debug\GuiApp.lib" /MACHINE:X86 Debug\app.obj
         Debug\fs_app.obj
         Debug\gui.obj
         "..\uC-FS_LIB\uC-FS-V4.lib"
         GuiApp.vcxproj -> C:\Users\Oscar\OneDrive\Documentos\GitHub\tpTempoReal\Trabalho Prático\Template\Template\EvalBoards\Microsoft\Windows\Visual Studio 2010\Win32GUIApp\GuiApp\Debug\GuiApp.exe
     1>Done Building Project "C:\Users\Oscar\OneDrive\Documentos\GitHub\tpTempoReal\Trabalho Prático\Template\Template\EvalBoards\Microsoft\Windows\Visual Studio 2010\Win32GUIApp\GuiApp\GuiApp.vcxproj" (Build target(s)).

Build succeeded.

Time Elapsed 00:00:06.66
